<?xml version="1.0" encoding="UTF-8"?>
<testng-results ignored="0" total="1" passed="1" failed="0" skipped="0">
  <reporter-output>
  </reporter-output>
  <suite started-at="2024-06-05T13:11:17 IST" name="Default suite" finished-at="2024-06-05T13:11:24 IST" duration-ms="7736">
    <groups>
    </groups>
    <test started-at="2024-06-05T13:11:17 IST" name="Default test" finished-at="2024-06-05T13:11:24 IST" duration-ms="7736">
      <class name="com.test.Database_Testing.QC_Pending_Batches">
        <test-method signature="testDB()[pri:0, instance:com.test.Database_Testing.QC_Pending_Batches@4738a206]" started-at="2024-06-05T13:11:17 IST" name="testDB" finished-at="2024-06-05T13:11:24 IST" duration-ms="7714" status="PASS">
          <reporter-output>
          </reporter-output>
        </test-method> <!-- testDB -->
      </class> <!-- com.test.Database_Testing.QC_Pending_Batches -->
    </test> <!-- Default test -->
  </suite> <!-- Default suite -->
</testng-results>
